<?xml version="1.0" encoding="UTF-8"?>
<testng-results ignored="0" total="1" passed="1" failed="0" skipped="0">
  <reporter-output>
  </reporter-output>
  <suite started-at="2023-02-24T17:45:36 IST" name="Default suite" finished-at="2023-02-24T17:45:39 IST" duration-ms="2255">
    <groups>
    </groups>
    <test started-at="2023-02-24T17:45:36 IST" name="Default test" finished-at="2023-02-24T17:45:39 IST" duration-ms="2255">
      <class name="com.mohs10.database_testing.User_info">
        <test-method signature="testDB()[pri:0, instance:com.mohs10.database_testing.User_info@76c3e77a]" started-at="2023-02-24T17:45:37 IST" name="testDB" finished-at="2023-02-24T17:45:39 IST" duration-ms="2183" status="PASS">
          <reporter-output>
          </reporter-output>
        </test-method> <!-- testDB -->
      </class> <!-- com.mohs10.database_testing.User_info -->
    </test> <!-- Default test -->
  </suite> <!-- Default suite -->
</testng-results>
