<?xml version="1.0" encoding="UTF-8"?>
<testng-results ignored="2" total="5" passed="3" failed="0" skipped="0">
  <reporter-output>
  </reporter-output>
  <suite started-at="2023-02-01T12:51:42 IST" name="Suite" finished-at="2023-02-01T12:53:13 IST" duration-ms="90804">
    <groups>
    </groups>
    <test started-at="2023-02-01T12:51:42 IST" name="Test" finished-at="2023-02-01T12:53:13 IST" duration-ms="90804">
      <class name="com.mohs10.Report.PDFReportTest">
        <test-method is-config="true" signature="beforeClass()[pri:0, instance:com.mohs10.Report.PDFReportTest@4dbb42b7]" started-at="2023-02-01T12:52:47 IST" name="beforeClass" finished-at="2023-02-01T12:52:50 IST" duration-ms="2230" status="PASS">
          <reporter-output>
          </reporter-output>
        </test-method> <!-- beforeClass -->
        <test-method is-config="true" signature="methodName(java.lang.reflect.Method)[pri:0, instance:com.mohs10.Report.PDFReportTest@4dbb42b7]" started-at="2023-02-01T12:52:50 IST" name="methodName" finished-at="2023-02-01T12:52:50 IST" duration-ms="1" status="PASS">
          <params>
            <param index="0">
              <value>
                <![CDATA[public void com.mohs10.Report.PDFReportTest.PDFreports() throws java.io.IOException]]>
              </value>
            </param>
          </params>
          <reporter-output>
          </reporter-output>
        </test-method> <!-- methodName -->
        <test-method signature="PDFreports()[pri:0, instance:com.mohs10.Report.PDFReportTest@4dbb42b7]" started-at="2023-02-01T12:52:50 IST" name="PDFreports" finished-at="2023-02-01T12:53:13 IST" duration-ms="22924" status="PASS">
          <reporter-output>
          </reporter-output>
        </test-method> <!-- PDFreports -->
        <test-method is-config="true" signature="afterClass()[pri:0, instance:com.mohs10.Report.PDFReportTest@4dbb42b7]" started-at="2023-02-01T12:53:13 IST" name="afterClass" finished-at="2023-02-01T12:53:13 IST" duration-ms="52" status="PASS">
          <reporter-output>
          </reporter-output>
        </test-method> <!-- afterClass -->
      </class> <!-- com.mohs10.Report.PDFReportTest -->
      <class name="com.mohs10.scripts.AppTest">
        <test-method is-config="true" signature="beforeClass()[pri:0, instance:com.mohs10.scripts.AppTest@2c1b194a]" started-at="2023-02-01T12:52:31 IST" name="beforeClass" finished-at="2023-02-01T12:52:34 IST" duration-ms="3383" status="PASS">
          <reporter-output>
          </reporter-output>
        </test-method> <!-- beforeClass -->
        <test-method signature="kickStart()[pri:0, instance:com.mohs10.scripts.AppTest@2c1b194a]" started-at="2023-02-01T12:52:34 IST" name="kickStart" finished-at="2023-02-01T12:52:47 IST" duration-ms="12914" status="PASS">
          <reporter-output>
          </reporter-output>
        </test-method> <!-- kickStart -->
        <test-method is-config="true" signature="methodName(java.lang.reflect.Method)[pri:0, instance:com.mohs10.scripts.AppTest@2c1b194a]" started-at="2023-02-01T12:52:34 IST" name="methodName" finished-at="2023-02-01T12:52:34 IST" duration-ms="0" status="PASS">
          <params>
            <param index="0">
              <value>
                <![CDATA[public void com.mohs10.scripts.AppTest.kickStart() throws java.lang.Throwable]]>
              </value>
            </param>
          </params>
          <reporter-output>
          </reporter-output>
        </test-method> <!-- methodName -->
        <test-method is-config="true" signature="afterClass()[pri:0, instance:com.mohs10.scripts.AppTest@2c1b194a]" started-at="2023-02-01T12:52:47 IST" name="afterClass" finished-at="2023-02-01T12:52:47 IST" duration-ms="506" status="PASS">
          <reporter-output>
          </reporter-output>
        </test-method> <!-- afterClass -->
      </class> <!-- com.mohs10.scripts.AppTest -->
      <class name="com.mohs10.scripts.HomeTest">
        <test-method is-config="true" signature="generateReport()[pri:0, instance:com.mohs10.scripts.HomeTest@53ce1329]" started-at="2023-02-01T12:51:42 IST" name="generateReport" finished-at="2023-02-01T12:51:42 IST" duration-ms="519" status="PASS">
          <reporter-output>
          </reporter-output>
        </test-method> <!-- generateReport -->
        <test-method is-config="true" signature="beforeClass()[pri:0, instance:com.mohs10.scripts.HomeTest@53ce1329]" started-at="2023-02-01T12:51:42 IST" name="beforeClass" finished-at="2023-02-01T12:51:47 IST" duration-ms="4743" status="PASS">
          <reporter-output>
          </reporter-output>
        </test-method> <!-- beforeClass -->
        <test-method is-config="true" signature="methodName(java.lang.reflect.Method)[pri:0, instance:com.mohs10.scripts.HomeTest@53ce1329]" started-at="2023-02-01T12:51:47 IST" name="methodName" finished-at="2023-02-01T12:51:47 IST" duration-ms="10" status="PASS">
          <params>
            <param index="0">
              <value>
                <![CDATA[public void com.mohs10.scripts.HomeTest.LoginTestCase() throws java.lang.Exception]]>
              </value>
            </param>
          </params>
          <reporter-output>
          </reporter-output>
        </test-method> <!-- methodName -->
        <test-method signature="LoginTestCase()[pri:0, instance:com.mohs10.scripts.HomeTest@53ce1329]" started-at="2023-02-01T12:51:47 IST" name="LoginTestCase" finished-at="2023-02-01T12:52:30 IST" duration-ms="42414" status="PASS">
          <reporter-output>
          </reporter-output>
        </test-method> <!-- LoginTestCase -->
        <test-method is-config="true" signature="afterClass()[pri:0, instance:com.mohs10.scripts.HomeTest@53ce1329]" started-at="2023-02-01T12:52:30 IST" name="afterClass" finished-at="2023-02-01T12:52:31 IST" duration-ms="1012" status="PASS">
          <reporter-output>
          </reporter-output>
        </test-method> <!-- afterClass -->
      </class> <!-- com.mohs10.scripts.HomeTest -->
    </test> <!-- Test -->
  </suite> <!-- Suite -->
</testng-results>
