<?xml version="1.0" encoding="UTF-8"?>
<!-- Generated by org.testng.reporters.JUnitXMLReporter -->
<testsuite ignored="2" hostname="kemas" failures="0" tests="3" name="Test" time="90.804" errors="0" timestamp="2023-02-01T12:53:13 IST">
  <testcase classname="com.mohs10.scripts.HomeTest" name="LoginTestCase" time="42.414"/>
  <testcase classname="com.mohs10.scripts.AppTest" name="kickStart" time="12.914"/>
  <testcase classname="com.mohs10.Report.PDFReportTest" name="PDFreports" time="22.924"/>
  <testcase classname="com.mohs10.base.StartBrowser" name="@BeforeTest generateReport" time="0.0">
    <ignored/>
  </testcase> <!-- @BeforeTest generateReport -->
  <testcase classname="com.mohs10.base.StartBrowser" name="@BeforeTest generateReport" time="0.0">
    <ignored/>
  </testcase> <!-- @BeforeTest generateReport -->
</testsuite> <!-- Test -->
